This file contains any messages produced by compilers while
running configure, to aid debugging if configure makes a mistake.

It was created by libconfig configure 1.7.2, which was
generated by GNU Autoconf 2.69.  Invocation command line was

  $ configure --disable-cxx

## --------- ##
## Platform. ##
## --------- ##

hostname = Felix-Desktop-PC
uname -m = x86_64
uname -r = 2.9.0(0.318/5/3)
uname -s = MSYS_NT-10.0
uname -v = 2018-01-12 23:37

/usr/bin/uname -p = unknown
/bin/uname -X     = unknown

/bin/arch              = x86_64
/usr/bin/arch -k       = unknown
/usr/convex/getsysinfo = unknown
/usr/bin/hostinfo      = unknown
/bin/machine           = unknown
/usr/bin/oslevel       = unknown
/bin/universe          = unknown

PATH: /c/WINDOWS/system32
PATH: /c/WINDOWS
PATH: /c/WINDOWS/System32/Wbem
PATH: /c/WINDOWS/System32/WindowsPowerShell/v1.0
PATH: /cmd
PATH: /mingw64/bin
PATH: /usr/bin
PATH: /c/WINDOWS/System32/OpenSSH
PATH: /c/Program Files (x86)/NVIDIA Corporation/PhysX/Common
PATH: /c/WINDOWS/system32
PATH: /c/WINDOWS
PATH: /c/WINDOWS/System32/Wbem
PATH: /c/WINDOWS/System32/WindowsPowerShell/v1.0
PATH: /c/WINDOWS/System32/OpenSSH
PATH: /c/Users/Felix/AppData/Local/Programs/Python/Python36/Scripts
PATH: /c/Users/Felix/AppData/Local/Programs/Python/Python36
PATH: /c/Users/Felix/AppData/Local/Microsoft/WindowsApps
PATH: /d/Programme/texlive/2018/bin/win32
PATH: /d/Programme/CLion 2018.3/bin
PATH: /d/Programme/IntelliJ IDEA 2018.3/bin
PATH: /c/Program Files/JetBrains/PyCharm 2019.1/bin
PATH: /c/Users/Felix/AppData/Local/GitHubDesktop/bin
PATH: /d/Programme/CLion 2020.1.1/bin


## ----------- ##
## Core tests. ##
## ----------- ##

configure:2403: checking build system type
configure:2412: error: cannot guess build type; you must specify one

## ---------------- ##
## Cache variables. ##
## ---------------- ##

ac_cv_env_build_alias_set=
ac_cv_env_build_alias_value=
ac_cv_env_CC_set=
ac_cv_env_CC_value=
ac_cv_env_CCC_set=
ac_cv_env_CCC_value=
ac_cv_env_CFLAGS_set=
ac_cv_env_CFLAGS_value=
ac_cv_env_CPP_set=
ac_cv_env_CPP_value=
ac_cv_env_CPPFLAGS_set=
ac_cv_env_CPPFLAGS_value=
ac_cv_env_CXX_set=
ac_cv_env_CXX_value=
ac_cv_env_CXXCPP_set=
ac_cv_env_CXXCPP_value=
ac_cv_env_CXXFLAGS_set=
ac_cv_env_CXXFLAGS_value=
ac_cv_env_host_alias_set=
ac_cv_env_host_alias_value=
ac_cv_env_LDFLAGS_set=
ac_cv_env_LDFLAGS_value=
ac_cv_env_LIBS_set=
ac_cv_env_LIBS_value=
ac_cv_env_target_alias_set=
ac_cv_env_target_alias_value=
ac_cv_env_YACC_set=
ac_cv_env_YACC_value=
ac_cv_env_YFLAGS_set=
ac_cv_env_YFLAGS_value=

## ----------------- ##
## Output variables. ##
## ----------------- ##

ac_ct_AR=''
ac_ct_CC=''
ac_ct_CXX=''
ac_ct_DUMPBIN=''
ACLOCAL=''
am__EXEEXT_FALSE=''
am__EXEEXT_TRUE=''
am__fastdepCC_FALSE=''
am__fastdepCC_TRUE=''
am__fastdepCXX_FALSE=''
am__fastdepCXX_TRUE=''
am__include=''
am__isrc=''
am__leading_dot=''
am__nodep=''
am__quote=''
am__tar=''
am__untar=''
AM_BACKSLASH=''
AM_DEFAULT_V=''
AM_DEFAULT_VERBOSITY=''
AM_V=''
AMDEP_FALSE=''
AMDEP_TRUE=''
AMDEPBACKSLASH=''
AMTAR=''
AR=''
AS=''
AUTOCONF=''
AUTOHEADER=''
AUTOMAKE=''
AWK=''
bindir='${exec_prefix}/bin'
build_alias=''
build_cpu=''
build_os=''
build_vendor=''
build=''
BUILDCXX_FALSE=''
BUILDCXX_TRUE=''
BUILDEXAMPLES_FALSE=''
BUILDEXAMPLES_TRUE=''
CC=''
CCDEPMODE=''
CFLAGS=''
CPP=''
CPPFLAGS=''
CXX=''
CXXCPP=''
CXXDEPMODE=''
CXXFLAGS=''
CYGPATH_W=''
datadir='${datarootdir}'
datarootdir='${prefix}/share'
DEFS=''
DEPDIR=''
DLLTOOL=''
docdir='${datarootdir}/doc/${PACKAGE_TARNAME}'
DSYMUTIL=''
DUMPBIN=''
dvidir='${docdir}'
ECHO_C=''
ECHO_N='-n'
ECHO_T=''
EGREP=''
exec_prefix='NONE'
EXEEXT=''
FGREP=''
GNU_WIN_FALSE=''
GNU_WIN_TRUE=''
GREP=''
host_alias=''
host_cpu=''
host_os=''
host_vendor=''
host=''
htmldir='${docdir}'
includedir='${prefix}/include'
infodir='${datarootdir}/info'
INSTALL_DATA=''
INSTALL_PROGRAM=''
INSTALL_SCRIPT=''
install_sh=''
INSTALL_STRIP_PROGRAM=''
LD=''
LDFLAGS=''
LEX_OUTPUT_ROOT=''
LEX=''
LEXLIB=''
libdir='${exec_prefix}/lib'
libexecdir='${exec_prefix}/libexec'
LIBOBJS=''
LIBS=''
LIBTOOL=''
LIPO=''
LN_S=''
localedir='${datarootdir}/locale'
localstatedir='${prefix}/var'
LTLIBOBJS=''
MAKEINFO=''
mandir='${datarootdir}/man'
MANIFEST_TOOL=''
MKDIR_P=''
mkdir_p=''
NM=''
NMEDIT=''
OBJDUMP=''
OBJEXT=''
oldincludedir='/usr/include'
OTOOL=''
OTOOL64=''
PACKAGE_BUGREPORT='hyperrealm@gmail.com'
PACKAGE_NAME='libconfig'
PACKAGE_STRING='libconfig 1.7.2'
PACKAGE_TARNAME='libconfig'
PACKAGE_URL='https://hyperrealm.github.io/libconfig/'
PACKAGE_VERSION='1.7.2'
PACKAGE=''
PATH_SEPARATOR=':'
pdfdir='${docdir}'
prefix='NONE'
program_transform_name='s,x,x,'
psdir='${docdir}'
RANLIB=''
sbindir='${exec_prefix}/sbin'
SED=''
SET_MAKE=''
sharedstatedir='${prefix}/com'
SHELL='/bin/sh'
STRIP=''
sysconfdir='${prefix}/etc'
target_alias=''
target_cpu=''
target_os=''
target_vendor=''
target=''
VERSION=''
YACC=''
YFLAGS=''

## ----------- ##
## confdefs.h. ##
## ----------- ##

/* confdefs.h */
#define PACKAGE_NAME "libconfig"
#define PACKAGE_TARNAME "libconfig"
#define PACKAGE_VERSION "1.7.2"
#define PACKAGE_STRING "libconfig 1.7.2"
#define PACKAGE_BUGREPORT "hyperrealm@gmail.com"
#define PACKAGE_URL "https://hyperrealm.github.io/libconfig/"

configure: exit 1
